<?xml version="1.0" encoding="UTF-8"?>
<!-- Generated by org.testng.reporters.JUnitXMLReporter -->
<testsuite hostname="Sysnik_D036" name="customerDelete" tests="6" failures="0" timestamp="19 Nov 2019 12:08:27 GMT" time="56.08" errors="0">
  <testcase name="customerDeleteDataVerification" time="18.741" classname="customerCreation.CustomerDeleteTestCases"/>
  <testcase name="customerDeleteModelVerificationOnsubmit" time="11.6" classname="customerCreation.CustomerDeleteTestCases"/>
  <testcase name="customerDeleteEntryTableVerifications" time="0.024" classname="customerCreation.CustomerDeleteTestCases"/>
  <testcase name="customerDeleteAuthDataVerification" time="13.468" classname="customerCreation.CustomerDeleteTestCases"/>
  <testcase name="customerDeleteAuthModelVerificationOnsubmit" time="11.599" classname="customerCreation.CustomerDeleteTestCases"/>
  <testcase name="customerDeleteAuthTableVerifications" time="0.013" classname="customerCreation.CustomerDeleteTestCases"/>
</testsuite> <!-- customerDelete -->
