<?xml version="1.0" encoding="UTF-8"?>
<!-- Generated by org.testng.reporters.JUnitXMLReporter -->
<testsuite hostname="SYS-SRIRAJA-PC" name="login(failed)" tests="1" failures="1" timestamp="22 Feb 2019 10:29:16 GMT" time="7.899" errors="0">
  <testcase name="test" time="7.897" classname="sysnik.FileUpload">
    <failure type="java.lang.AssertionError" message="expected [Text field] but found [Lakshay Sharma]">
      <![CDATA[java.lang.AssertionError: expected [Text field] but found [Lakshay Sharma]
	at sysnik.FileUpload.test(FileUpload.java:62)
... Removed 30 stack frames]]>
    </failure>
  </testcase> <!-- test -->
</testsuite> <!-- login(failed) -->
