<?xml version="1.0" encoding="UTF-8"?>
<!-- Generated by org.testng.reporters.JUnitXMLReporter -->
<testsuite hostname="SYS-SRIRAJA-PC" name="login" tests="3" failures="1" timestamp="22 Feb 2019 10:29:08 GMT" time="21.354" errors="0">
  <testcase name="test" time="8.327" classname="sysnik.FileUpload">
    <skipped/>
  </testcase> <!-- test -->
  <testcase name="test" time="5.497" classname="sysnik.FileUpload">
    <skipped/>
  </testcase> <!-- test -->
  <testcase name="test" time="7.515" classname="sysnik.FileUpload">
    <failure type="java.lang.AssertionError" message="expected [Text field] but found [Lakshay Sharma]">
      <![CDATA[java.lang.AssertionError: expected [Text field] but found [Lakshay Sharma]
	at sysnik.FileUpload.test(FileUpload.java:62)
... Removed 30 stack frames]]>
    </failure>
  </testcase> <!-- test -->
</testsuite> <!-- login -->
