<?xml version="1.0" encoding="UTF-8"?>
<!-- Generated by org.testng.reporters.JUnitXMLReporter -->
<testsuite hostname="Sysnik_D036" name="AdhocLimitAuth" tests="3" failures="0" timestamp="19 Nov 2019 12:15:36 GMT" time="25.215" errors="0">
  <testcase name="ValidateAdhocAuthScreenDetails" time="14.287" classname="adhocLimit.AdhocLimitAuthTestCases"/>
  <testcase name="SubmitAdhocLimitAuth" time="10.807" classname="adhocLimit.AdhocLimitAuthTestCases"/>
  <testcase name="ValidateAdhocAuthTableDetails" time="0.017" classname="adhocLimit.AdhocLimitAuthTestCases"/>
</testsuite> <!-- AdhocLimitAuth -->
