<?xml version="1.0" encoding="UTF-8"?>
<!-- Generated by org.testng.reporters.JUnitXMLReporter -->
<testsuite hostname="Sysnik_D036" name="AdhocLimitEntry" tests="5" failures="0" timestamp="19 Nov 2019 12:15:11 GMT" time="34.27" errors="0">
  <testcase name="ValidateCustInfo" time="16.938" classname="adhocLimit.AdhocLimitEntryTestCases"/>
  <testcase name="ValidateExpiryDate" time="1.049" classname="adhocLimit.AdhocLimitEntryTestCases"/>
  <testcase name="adhocSubmitMessageVerification" time="10.837" classname="adhocLimit.AdhocLimitEntryTestCases"/>
  <testcase name="adhocSubmitTableVerification" time="0.015" classname="adhocLimit.AdhocLimitEntryTestCases"/>
  <testcase name="duplicateEntry" time="5.305" classname="adhocLimit.AdhocLimitEntryTestCases"/>
</testsuite> <!-- AdhocLimitEntry -->
