<?xml version="1.0" encoding="UTF-8"?>
<!-- Generated by org.testng.reporters.JUnitXMLReporter -->
<testsuite hostname="Sysnik_D036" name="SavingsAccount" tests="2" failures="0" timestamp="19 Nov 2019 12:11:23 GMT" time="58.183" errors="0">
  <testcase name="SavingsAccountCreationE2EFlow" time="28.388" classname="savingsAccountCreation.SavingsAccountCreationTestCases"/>
  <testcase name="SavingsAccountAuthorizationE2EFlow" time="29.716" classname="savingsAccountCreation.SavingsAccountCreationTestCases"/>
</testsuite> <!-- SavingsAccount -->
