<?xml version="1.0" encoding="UTF-8"?>
<!-- Generated by org.testng.reporters.JUnitXMLReporter -->
<testsuite hostname="Sysnik_D036" name="BlackListing" tests="2" failures="0" timestamp="19 Nov 2019 12:10:25 GMT" time="51.074" errors="0">
  <testcase name="blackListingE2EFlow" time="25.641" classname="blackListingCustomer.BlackListingCustomerTestCases"/>
  <testcase name="blackListingAutorizationE2EFlow" time="25.173" classname="blackListingCustomer.BlackListingCustomerAuthorizationTestCases"/>
</testsuite> <!-- BlackListing -->
