<?xml version="1.0" encoding="UTF-8"?>
<!-- Generated by org.testng.reporters.JUnitXMLReporter -->
<testsuite hostname="Sysnik_D036" name="AdhocLimitEntry" tests="5" failures="0" timestamp="4 Nov 2019 11:03:31 GMT" time="6.602" errors="0">
  <testcase name="ValidateCustInfo" time="3.187" classname="adhocLimit.AdhocLimitEntryTestCases"/>
  <testcase name="ValidateExpiryDate" time="0.378" classname="adhocLimit.AdhocLimitEntryTestCases"/>
  <testcase name="adhocSubmitMessageVerification" time="0.452" classname="adhocLimit.AdhocLimitEntryTestCases"/>
  <testcase name="adhocSubmitTableVerification" time="0.015" classname="adhocLimit.AdhocLimitEntryTestCases"/>
  <testcase name="duplicateEntry" time="1.869" classname="adhocLimit.AdhocLimitEntryTestCases"/>
</testsuite> <!-- AdhocLimitEntry -->
