<?xml version="1.0" encoding="UTF-8"?>
<!-- Generated by org.testng.reporters.JUnitXMLReporter -->
<testsuite hostname="Sysnik_D036" name="AdhocLimitAuth" tests="3" failures="0" timestamp="4 Nov 2019 11:03:33 GMT" time="2.085" errors="0">
  <testcase name="ValidateAdhocAuthScreenDetails" time="1.276" classname="adhocLimit.AdhocLimitAuthTestCases"/>
  <testcase name="SubmitAdhocLimitAuth" time="0.458" classname="adhocLimit.AdhocLimitAuthTestCases"/>
  <testcase name="ValidateAdhocAuthTableDetails" time="0.011" classname="adhocLimit.AdhocLimitAuthTestCases"/>
</testsuite> <!-- AdhocLimitAuth -->
