<?xml version="1.0" encoding="UTF-8"?>
<!-- Generated by org.testng.reporters.JUnitXMLReporter -->
<testsuite hostname="Sysnik_D036" name="BlackListing" tests="2" failures="0" timestamp="19 Nov 2019 11:25:44 GMT" time="57.055" errors="0">
  <testcase name="blackListingE2EFlow" time="30.914" classname="blackListingCustomer.BlackListingCustomerTestCases"/>
  <testcase name="blackListingAutorizationE2EFlow" time="25.367" classname="blackListingCustomer.BlackListingCustomerAuthorizationTestCases"/>
</testsuite> <!-- BlackListing -->
