<?xml version="1.0" encoding="UTF-8"?>
<!-- Generated by org.testng.reporters.JUnitXMLReporter -->
<testsuite hostname="SYS-SRIRAJA-PC" name="branchMasterLabelVerification" tests="7" failures="0" timestamp="17 Apr 2019 06:56:11 GMT" time="11.215" errors="0">
  <testcase name="branchMaster" time="0.99" classname="sprintOne.TablesLabelVerification"/>
  <testcase name="bookings" time="3.387" classname="sprintOne.TablesLabelVerification"/>
  <testcase name="sbBranchDef" time="0.98" classname="sprintOne.TablesLabelVerification"/>
  <testcase name="gLAccount" time="1.6" classname="sprintOne.TablesLabelVerification"/>
  <testcase name="users" time="1.422" classname="sprintOne.TablesLabelVerification"/>
  <testcase name="BANKPARAMETERS" time="0.967" classname="sprintOne.TablesLabelVerification"/>
  <testcase name="Customer" time="1.838" classname="sprintOne.TablesLabelVerification"/>
</testsuite> <!-- branchMasterLabelVerification -->
