<?xml version="1.0" encoding="UTF-8"?>
<!-- Generated by org.testng.reporters.JUnitXMLReporter -->
<testsuite hostname="SYS-SRIRAJA-PC" name="currentCeation" tests="4" failures="0" timestamp="15 Jul 2019 10:42:22 GMT" time="13.32" errors="0">
  <testcase name="blackListingE2EFlow" time="4.683" classname="blackListingCustomer.BlackListingCustomerTestCases"/>
  <testcase name="blackListingAutorizationE2EFlow" time="4.26" classname="blackListingCustomerAutorization.BlackListingCustomerAuthorizationTestCases"/>
  <testcase name="SavingsAccountCreationE2EFlow" time="2.717" classname="savingsAccountCreation.SavingsAccountCreationTestCases"/>
  <testcase name="SavingsAccountAuthorizationE2EFlow" time="0.0" classname="savingsAccountCreation.SavingsAccountCreationTestCases">
    <skipped/>
  </testcase> <!-- SavingsAccountAuthorizationE2EFlow -->
</testsuite> <!-- currentCeation -->
