<?xml version="1.0" encoding="UTF-8"?>
<!-- Generated by org.testng.reporters.JUnitXMLReporter -->
<testsuite hostname="Sysnik_D036" name="customerCreation" tests="4" failures="0" timestamp="12 Nov 2019 12:31:09 GMT" time="13.976" errors="0">
  <testcase name="labelVerification" time="0.0" classname="customerCreation.CustomerCreationTestCases">
    <skipped/>
  </testcase> <!-- labelVerification -->
  <testcase name="customerCreatione2eFlow" time="10.266" classname="customerCreation.CustomerCreationTestCases"/>
  <testcase name="customerAuthorizationDataVerification" time="0.0" classname="customerCreation.CustomerCreationTestCases">
    <skipped/>
  </testcase> <!-- customerAuthorizationDataVerification -->
  <testcase name="customerAuthorization" time="0.0" classname="customerCreation.CustomerCreationTestCases">
    <skipped/>
  </testcase> <!-- customerAuthorization -->
</testsuite> <!-- customerCreation -->
