<?xml version="1.0" encoding="UTF-8"?>
<!-- Generated by org.testng.reporters.JUnitXMLReporter -->
<testsuite hostname="SYS-SRIRAJA-PC" name="DenominationVerification" tests="3" failures="0" timestamp="24 Jul 2019 12:31:02 GMT" time="22.805" errors="0">
  <testcase name="userWiseDenomVerification" time="10.321" classname="denominationVerification.DenominationTestCases"/>
  <testcase name="userDenomNoOfNotesVerification" time="0.474" classname="denominationVerification.DenominationTestCases"/>
  <testcase name="userDenomTransferAmountVerification" time="1.741" classname="denominationVerification.DenominationTestCases"/>
</testsuite> <!-- DenominationVerification -->
