<?xml version="1.0" encoding="UTF-8"?>
<!-- Generated by org.testng.reporters.JUnitXMLReporter -->
<testsuite hostname="Sysnik_D036" name="DrawingPowerSubmission" tests="2" failures="0" timestamp="4 Oct 2019 08:52:49 GMT" time="19.855" errors="0">
  <testcase name="DrawingPowerLabelVerification" time="2.636" classname="drawingPower.DrawingPowerEntryTestCases"/>
  <testcase name="DrawingPowerEntryE2e" time="14.313" classname="drawingPower.DrawingPowerEntryTestCases"/>
</testsuite> <!-- DrawingPowerSubmission -->
