<?xml version="1.0" encoding="UTF-8"?>
<!-- Generated by org.testng.reporters.JUnitXMLReporter -->
<testsuite hostname="Sysnik_D036" name="DrawingPowerSubmissionEntry" tests="8" failures="0" timestamp="12 Nov 2019 13:06:56 GMT" time="28.148" errors="0">
  <testcase name="DrawingPowerLabelVerification" time="0.0" classname="drawingPower.DrawingPowerEntryTestCases">
    <skipped/>
  </testcase> <!-- DrawingPowerLabelVerification -->
  <testcase name="CustomerDetailsVerification" time="13.271" classname="drawingPower.DrawingPowerEntryTestCases"/>
  <testcase name="ExpiryDateVerification" time="0.138" classname="drawingPower.DrawingPowerEntryTestCases"/>
  <testcase name="MarginVerification" time="0.377" classname="drawingPower.DrawingPowerEntryTestCases"/>
  <testcase name="ValueCalculationVerificationBasedOnMargin" time="2.609" classname="drawingPower.DrawingPowerEntryTestCases"/>
  <testcase name="ValidateDPArrivedAndDpAllowed" time="1.412" classname="drawingPower.DrawingPowerEntryTestCases"/>
  <testcase name="DrawingPowerEntryE2e" time="0.505" classname="drawingPower.DrawingPowerEntryTestCases"/>
  <testcase name="DuplicateEntry" time="9.235" classname="drawingPower.DrawingPowerEntryTestCases"/>
</testsuite> <!-- DrawingPowerSubmissionEntry -->
