<?xml version="1.0" encoding="UTF-8"?>
<!-- Generated by org.testng.reporters.JUnitXMLReporter -->
<testsuite hostname="Sysnik_D036" name="DrawingPowerSubmissionCancelAuth" tests="2" failures="0" timestamp="5 Nov 2019 10:56:56 GMT" time="6.8" errors="0">
  <testcase name="verificationOfStockDetailsinDPCancel" time="6.254" classname="drawingPower.DrawingPowerCancelAuthTestCases"/>
  <testcase name="verifyDPCancelOnSubmitMessages" time="0.432" classname="drawingPower.DrawingPowerCancelAuthTestCases"/>
</testsuite> <!-- DrawingPowerSubmissionCancelAuth -->
