<?xml version="1.0" encoding="UTF-8"?>
<!-- Generated by org.testng.reporters.JUnitXMLReporter -->
<testsuite hostname="Sysnik_D036" name="DrawingPowerSubmissionCancelEntry" tests="3" failures="0" timestamp="5 Nov 2019 10:56:49 GMT" time="9.513" errors="0">
  <testcase name="verificationOfStockDetailsinDPCancel" time="8.715" classname="drawingPower.DrawingPowerCancelEntryTestCases"/>
  <testcase name="verifyDPCancelOnSubmitMessages" time="0.452" classname="drawingPower.DrawingPowerCancelEntryTestCases"/>
  <testcase name="tableVerifications" time="0.008" classname="drawingPower.DrawingPowerCancelEntryTestCases"/>
</testsuite> <!-- DrawingPowerSubmissionCancelEntry -->
