<?xml version="1.0" encoding="UTF-8"?>
<!-- Generated by org.testng.reporters.JUnitXMLReporter -->
<testsuite hostname="Sysnik_D036" name="DrawingPowerSubmissionEntryAuth" tests="3" failures="0" timestamp="9 Nov 2019 06:13:53 GMT" time="137.569" errors="0">
  <testcase name="DrawingPowerEntryAuthLabelVerification" time="2.764" classname="drawingPower.DrawingPowerEntryAuthorzationTestCases"/>
  <testcase name="DrawingPowerEntryAuthorizationE2e" time="7.15" classname="drawingPower.DrawingPowerEntryAuthorzationTestCases"/>
  <testcase name="DPEntryAuthRejection" time="127.231" classname="drawingPower.DrawingPowerEntryAuthorzationTestCases"/>
</testsuite> <!-- DrawingPowerSubmissionEntryAuth -->
