<?xml version="1.0" encoding="UTF-8"?>
<!-- Generated by org.testng.reporters.JUnitXMLReporter -->
<testsuite hostname="Sysnik_D036" name="FDAccountAuth" tests="3" failures="0" timestamp="23 Nov 2019 08:47:08 GMT" time="29.935" errors="0">
  <testcase name="fdAuthScreenVerification" time="18.682" classname="FDAccountOpening.FDAccountAuthTestCases"/>
  <testcase name="modelVerficationOnSubmit" time="10.995" classname="FDAccountOpening.FDAccountAuthTestCases"/>
  <testcase name="verifytablesInAuth" time="0.111" classname="FDAccountOpening.FDAccountAuthTestCases"/>
</testsuite> <!-- FDAccountAuth -->
