<?xml version="1.0" encoding="UTF-8"?>
<!-- Generated by org.testng.reporters.JUnitXMLReporter -->
<testsuite hostname="Sysnik_D036" name="FDAccount" tests="5" failures="0" timestamp="23 Nov 2019 08:46:38 GMT" time="49.144" errors="0">
  <testcase name="verifyMaturityDate" time="35.931" classname="FDAccountOpening.FDAccountCreationTestCases"/>
  <testcase name="maturityAmountVerification" time="0.732" classname="FDAccountOpening.FDAccountCreationTestCases"/>
  <testcase name="verifyCustCategoryInFDOpening" time="0.831" classname="FDAccountOpening.FDAccountCreationTestCases"/>
  <testcase name="verifyModelResponse" time="11.291" classname="FDAccountOpening.FDAccountCreationTestCases"/>
  <testcase name="verifytablesInEntry" time="0.116" classname="FDAccountOpening.FDAccountCreationTestCases"/>
</testsuite> <!-- FDAccount -->
