<?xml version="1.0" encoding="UTF-8"?>
<!-- Generated by org.testng.reporters.JUnitXMLReporter -->
<testsuite hostname="Sysnik_D036" name="LienNotingRevoke" tests="3" failures="0" timestamp="9 Nov 2019 04:59:59 GMT" time="5.641" errors="0">
  <testcase name="LienRevokeInfoVerification" time="4.508" classname="lienNoting.LienRevokeTestCases"/>
  <testcase name="modelResponseVerificationinLienRevoke" time="0.829" classname="lienNoting.LienRevokeTestCases"/>
  <testcase name="tableVerificationsInLienRevoke" time="0.009" classname="lienNoting.LienRevokeTestCases"/>
</testsuite> <!-- LienNotingRevoke -->
