<?xml version="1.0" encoding="UTF-8"?>
<!-- Generated by org.testng.reporters.JUnitXMLReporter -->
<testsuite hostname="Sysnik_D036" name="LienNoting" tests="5" failures="0" timestamp="9 Nov 2019 04:57:10 GMT" time="5.286" errors="0">
  <testcase name="customerInfoVerificationInLienNoting" time="2.269" classname="lienNoting.LienNotingTestCases"/>
  <testcase name="depositDetailsVerificationInLienNoting" time="0.135" classname="lienNoting.LienNotingTestCases"/>
  <testcase name="validateModelResponse" time="0.633" classname="lienNoting.LienNotingTestCases"/>
  <testcase name="tableVerificationOnSubmitInLienNoting" time="0.011" classname="lienNoting.LienNotingTestCases"/>
  <testcase name="validateRemaingLienAmount" time="1.601" classname="lienNoting.LienNotingTestCases"/>
</testsuite> <!-- LienNoting -->
