<?xml version="1.0" encoding="UTF-8"?>
<!-- Generated by org.testng.reporters.JUnitXMLReporter -->
<testsuite hostname="Sysnik_D036" name="LienNotingAuthorization" tests="5" failures="0" timestamp="9 Nov 2019 04:58:44 GMT" time="5.468" errors="0">
  <testcase name="lienNotingAuthScreenVerifications" time="4.579" classname="lienNoting.LienNotingAuthorizationTestCases"/>
  <testcase name="onSubmitModelVerificationInLienAuth" time="0.433" classname="lienNoting.LienNotingAuthorizationTestCases"/>
  <testcase name="tableVerificationOnSunbitInLienAuth" time="0.112" classname="lienNoting.LienNotingAuthorizationTestCases"/>
  <testcase name="lienNotingRejection" time="0.0" classname="lienNoting.LienNotingAuthorizationTestCases">
    <skipped/>
  </testcase> <!-- lienNotingRejection -->
  <testcase name="RejectionTableVerification" time="0.0" classname="lienNoting.LienNotingAuthorizationTestCases">
    <skipped/>
  </testcase> <!-- RejectionTableVerification -->
</testsuite> <!-- LienNotingAuthorization -->
