<?xml version="1.0" encoding="UTF-8"?>
<!-- Generated by org.testng.reporters.JUnitXMLReporter -->
<testsuite hostname="Sysnik_D036" name="LienNotingRevokeAuth" tests="3" failures="0" timestamp="9 Nov 2019 05:00:04 GMT" time="4.732" errors="0">
  <testcase name="LienRevokeInfoVerification" time="4.229" classname="lienNoting.LienRevokeAuthorizationTestCases"/>
  <testcase name="modelResponseVerificationinLienRevoke" time="0.419" classname="lienNoting.LienRevokeAuthorizationTestCases"/>
  <testcase name="tableVerificationsInLienRevoke" time="0.007" classname="lienNoting.LienRevokeAuthorizationTestCases"/>
</testsuite> <!-- LienNotingRevokeAuth -->
