<?xml version="1.0" encoding="UTF-8"?>
<!-- Generated by org.testng.reporters.JUnitXMLReporter -->
<testsuite hostname="Sysnik_D036" name="TDCalculator" tests="12" failures="0" timestamp="12 Nov 2019 13:06:28 GMT" time="42.404" errors="0">
  <testcase name="MaturityAmountE2EFlow" time="4.495" classname="tdCalculator.TdCalculatorTestCases"/>
  <testcase name="InterestRateE2EFlow" time="3.546" classname="tdCalculator.TdCalculatorTestCases"/>
  <testcase name="InstallmentAmountE2EFlow" time="3.6" classname="tdCalculator.TdCalculatorTestCases"/>
  <testcase name="DepositPeriodE2EFlow" time="3.408" classname="tdCalculator.TdCalculatorTestCases"/>
  <testcase name="MaturityAmountE2EFlowWithOutDiscount" time="3.296" classname="tdCalculator.TdCalculatorTestCases"/>
  <testcase name="InterestRateE2EFlowWithOutDiscount" time="3.335" classname="tdCalculator.TdCalculatorTestCases"/>
  <testcase name="InstallMentAmountE2eFlowWithOutDiscount" time="3.272" classname="tdCalculator.TdCalculatorTestCases"/>
  <testcase name="DepositPeriodE2EFlowwithoutDiscount" time="3.492" classname="tdCalculator.TdCalculatorTestCases"/>
  <testcase name="MaturityAmountE2EFlowCompoundQuaterly" time="3.263" classname="tdCalculator.TdCalculatorTestCases"/>
  <testcase name="InterestRateE2EFlowCompoundQuaterly" time="3.464" classname="tdCalculator.TdCalculatorTestCases"/>
  <testcase name="InstallMentAmountE2eCompoundQuaterly" time="3.227" classname="tdCalculator.TdCalculatorTestCases"/>
  <testcase name="DepositPeriodE2EFlowCompoundQuaterly" time="3.365" classname="tdCalculator.TdCalculatorTestCases"/>
</testsuite> <!-- TDCalculator -->
