<?xml version="1.0" encoding="UTF-8"?>
<!-- Generated by org.testng.reporters.JUnitXMLReporter -->
<testsuite hostname="Sysnik_D036" name="customerCreation" tests="4" failures="0" timestamp="9 Dec 2019 05:05:33 GMT" time="64.249" errors="0">
  <testcase name="labelVerification" time="0.0" classname="customerCreation.CustomerCreationTestCases">
    <skipped/>
  </testcase> <!-- labelVerification -->
  <testcase name="customerCreationWithIntroducerName" time="44.112" classname="customerCreation.CustomerCreationTestCases"/>
  <testcase name="customerAuthorizationDataVerification" time="0.0" classname="customerCreation.CustomerCreationTestCases">
    <skipped/>
  </testcase> <!-- customerAuthorizationDataVerification -->
  <testcase name="customerAuthorization" time="19.549" classname="customerCreation.CustomerCreationTestCases"/>
</testsuite> <!-- customerCreation -->
