<?xml version="1.0" encoding="UTF-8"?>
<!-- Generated by org.testng.reporters.JUnitXMLReporter -->
<testsuite hostname="Sysnik_D036" name="TDCalculator" tests="12" failures="0" timestamp="19 Nov 2019 12:12:34 GMT" time="70.878" errors="0">
  <testcase name="MaturityAmountE2EFlow" time="16.993" classname="tdCalculator.TdCalculatorTestCases"/>
  <testcase name="InterestRateE2EFlow" time="5.259" classname="tdCalculator.TdCalculatorTestCases"/>
  <testcase name="InstallmentAmountE2EFlow" time="5.271" classname="tdCalculator.TdCalculatorTestCases"/>
  <testcase name="DepositPeriodE2EFlow" time="4.731" classname="tdCalculator.TdCalculatorTestCases"/>
  <testcase name="MaturityAmountE2EFlowWithOutDiscount" time="4.784" classname="tdCalculator.TdCalculatorTestCases"/>
  <testcase name="InterestRateE2EFlowWithOutDiscount" time="4.863" classname="tdCalculator.TdCalculatorTestCases"/>
  <testcase name="InstallMentAmountE2eFlowWithOutDiscount" time="4.865" classname="tdCalculator.TdCalculatorTestCases"/>
  <testcase name="DepositPeriodE2EFlowwithoutDiscount" time="4.506" classname="tdCalculator.TdCalculatorTestCases"/>
  <testcase name="MaturityAmountE2EFlowCompoundQuaterly" time="5.014" classname="tdCalculator.TdCalculatorTestCases"/>
  <testcase name="InterestRateE2EFlowCompoundQuaterly" time="4.772" classname="tdCalculator.TdCalculatorTestCases"/>
  <testcase name="InstallMentAmountE2eCompoundQuaterly" time="4.834" classname="tdCalculator.TdCalculatorTestCases"/>
  <testcase name="DepositPeriodE2EFlowCompoundQuaterly" time="4.9" classname="tdCalculator.TdCalculatorTestCases"/>
</testsuite> <!-- TDCalculator -->
