<?xml version="1.0" encoding="UTF-8"?>
<!-- Generated by org.testng.reporters.JUnitXMLReporter -->
<testsuite hostname="Sysnik_D036" name="DrawingPowerSubmissionEntry" tests="8" failures="0" timestamp="19 Nov 2019 12:16:43 GMT" time="66.931" errors="0">
  <testcase name="DrawingPowerLabelVerification" time="0.0" classname="drawingPower.DrawingPowerEntryTestCases">
    <skipped/>
  </testcase> <!-- DrawingPowerLabelVerification -->
  <testcase name="CustomerDetailsVerification" time="29.167" classname="drawingPower.DrawingPowerEntryTestCases"/>
  <testcase name="ExpiryDateVerification" time="0.407" classname="drawingPower.DrawingPowerEntryTestCases"/>
  <testcase name="MarginVerification" time="0.617" classname="drawingPower.DrawingPowerEntryTestCases"/>
  <testcase name="ValueCalculationVerificationBasedOnMargin" time="7.346" classname="drawingPower.DrawingPowerEntryTestCases"/>
  <testcase name="ValidateDPArrivedAndDpAllowed" time="3.982" classname="drawingPower.DrawingPowerEntryTestCases"/>
  <testcase name="DrawingPowerEntryE2e" time="10.953" classname="drawingPower.DrawingPowerEntryTestCases"/>
  <testcase name="DuplicateEntry" time="14.324" classname="drawingPower.DrawingPowerEntryTestCases"/>
</testsuite> <!-- DrawingPowerSubmissionEntry -->
