<?xml version="1.0" encoding="UTF-8"?>
<!-- Generated by org.testng.reporters.JUnitXMLReporter -->
<testsuite hostname="Sysnik_D036" name="DrawingPowerSubmissionCancelEntry" tests="3" failures="0" timestamp="18 Nov 2019 06:12:15 GMT" time="59.855" errors="0">
  <testcase name="verificationOfStockDetailsinDPCancel" time="31.019" classname="drawingPower.DrawingPowerCancelEntryTestCases"/>
  <testcase name="verifyDPCancelOnSubmitMessages" time="10.843" classname="drawingPower.DrawingPowerCancelEntryTestCases"/>
  <testcase name="tableVerifications" time="0.031" classname="drawingPower.DrawingPowerCancelEntryTestCases"/>
</testsuite> <!-- DrawingPowerSubmissionCancelEntry -->
