<?xml version="1.0" encoding="UTF-8"?>
<!-- Generated by org.testng.reporters.JUnitXMLReporter -->
<testsuite hostname="Sysnik_D036" name="DrawingPowerSubmissionCancelAuth" tests="2" failures="0" timestamp="18 Nov 2019 06:12:51 GMT" time="36.344" errors="0">
  <testcase name="verificationOfStockDetailsinDPCancel" time="25.322" classname="drawingPower.DrawingPowerCancelAuthTestCases"/>
  <testcase name="verifyDPCancelOnSubmitMessages" time="10.936" classname="drawingPower.DrawingPowerCancelAuthTestCases"/>
</testsuite> <!-- DrawingPowerSubmissionCancelAuth -->
