<?xml version="1.0" encoding="UTF-8"?>
<!-- Generated by org.testng.reporters.JUnitXMLReporter -->
<testsuite hostname="Sysnik_D036" name="DrawingPowerSubmissionEntryAuth" tests="3" failures="0" timestamp="18 Nov 2019 06:11:15 GMT" time="185.511" errors="0">
  <testcase name="DrawingPowerEntryAuthLabelVerification" time="23.591" classname="drawingPower.DrawingPowerEntryAuthorzationTestCases"/>
  <testcase name="DrawingPowerEntryAuthorizationE2e" time="41.318" classname="drawingPower.DrawingPowerEntryAuthorzationTestCases"/>
  <testcase name="DPEntryAuthRejection" time="66.271" classname="drawingPower.DrawingPowerEntryAuthorzationTestCases"/>
</testsuite> <!-- DrawingPowerSubmissionEntryAuth -->
