<?xml version="1.0" encoding="UTF-8"?>
<!-- Generated by org.testng.reporters.JUnitXMLReporter -->
<testsuite hostname="Sysnik_D036" name="LienNotingAuthorization" tests="5" failures="0" timestamp="19 Nov 2019 12:13:37 GMT" time="26.487" errors="0">
  <testcase name="lienNotingAuthScreenVerifications" time="15.548" classname="lienNoting.LienNotingAuthorizationTestCases"/>
  <testcase name="onSubmitModelVerificationInLienAuth" time="10.813" classname="lienNoting.LienNotingAuthorizationTestCases"/>
  <testcase name="tableVerificationOnSunbitInLienAuth" time="0.022" classname="lienNoting.LienNotingAuthorizationTestCases"/>
  <testcase name="lienNotingRejection" time="0.0" classname="lienNoting.LienNotingAuthorizationTestCases">
    <skipped/>
  </testcase> <!-- lienNotingRejection -->
  <testcase name="RejectionTableVerification" time="0.0" classname="lienNoting.LienNotingAuthorizationTestCases">
    <skipped/>
  </testcase> <!-- RejectionTableVerification -->
</testsuite> <!-- LienNotingAuthorization -->
