<?xml version="1.0" encoding="UTF-8"?>
<!-- Generated by org.testng.reporters.JUnitXMLReporter -->
<testsuite hostname="Sysnik_D036" name="LienNotingRevoke" tests="3" failures="0" timestamp="19 Nov 2019 12:14:10 GMT" time="32.564" errors="0">
  <testcase name="LienRevokeInfoVerification" time="21.015" classname="lienNoting.LienRevokeTestCases"/>
  <testcase name="modelResponseVerificationinLienRevoke" time="11.436" classname="lienNoting.LienRevokeTestCases"/>
  <testcase name="tableVerificationsInLienRevoke" time="0.006" classname="lienNoting.LienRevokeTestCases"/>
</testsuite> <!-- LienNotingRevoke -->
