<?xml version="1.0" encoding="UTF-8"?>
<!-- Generated by org.testng.reporters.JUnitXMLReporter -->
<testsuite hostname="Sysnik_D036" name="LienNotingRevokeAuth" tests="3" failures="0" timestamp="19 Nov 2019 12:14:37 GMT" time="27.096" errors="0">
  <testcase name="LienRevokeInfoVerification" time="16.182" classname="lienNoting.LienRevokeAuthorizationTestCases"/>
  <testcase name="modelResponseVerificationinLienRevoke" time="10.808" classname="lienNoting.LienRevokeAuthorizationTestCases"/>
  <testcase name="tableVerificationsInLienRevoke" time="0.006" classname="lienNoting.LienRevokeAuthorizationTestCases"/>
</testsuite> <!-- LienNotingRevokeAuth -->
