<?xml version="1.0" encoding="UTF-8"?>
<!-- Generated by org.testng.reporters.JUnitXMLReporter -->
<testsuite hostname="Sysnik_D036" name="LienNoting" tests="5" failures="0" timestamp="19 Nov 2019 12:13:11 GMT" time="36.607" errors="0">
  <testcase name="customerInfoVerificationInLienNoting" time="17.969" classname="lienNoting.LienNotingTestCases"/>
  <testcase name="depositDetailsVerificationInLienNoting" time="0.4" classname="lienNoting.LienNotingTestCases"/>
  <testcase name="validateModelResponse" time="11.025" classname="lienNoting.LienNotingTestCases"/>
  <testcase name="tableVerificationOnSubmitInLienNoting" time="0.013" classname="lienNoting.LienNotingTestCases"/>
  <testcase name="validateRemaingLienAmount" time="7.084" classname="lienNoting.LienNotingTestCases"/>
</testsuite> <!-- LienNoting -->
