<?xml version="1.0" encoding="UTF-8"?>
<!-- Generated by org.testng.reporters.JUnitXMLReporter -->
<testsuite hostname="SYS-SRIRAJA-PC" name="Default test(failed)" tests="5" failures="0" timestamp="22 Feb 2019 07:28:02 GMT" time="16.423" errors="0">
  <testcase name="ValidationVerification" time="1.072" classname="withdrawalScreen.TestCase001"/>
  <testcase name="labelVerification" time="0.583" classname="withdrawalScreen.TestCase001"/>
  <testcase name="testCase01" time="1.444" classname="withdrawalScreen.TestCase001"/>
  <testcase name="testCase01" time="1.239" classname="withdrawalScreen.TestCase001"/>
  <testcase name="testCase01" time="1.216" classname="withdrawalScreen.TestCase001"/>
</testsuite> <!-- Default test(failed) -->
